<?xml version="1.0" encoding="UTF-8"?>
<testng-results skipped="0" failed="0" ignored="0" total="1" passed="1">
  <reporter-output>
  </reporter-output>
  <suite name="Default suite" duration-ms="59" started-at="2020-02-21T10:53:43 EST" finished-at="2020-02-21T10:53:43 EST">
    <groups>
    </groups>
    <test name="Default test" duration-ms="59" started-at="2020-02-21T10:53:43 EST" finished-at="2020-02-21T10:53:43 EST">
      <class name="Test_Cases">
        <test-method status="PASS" signature="Test1()[pri:0, instance:Test_Cases@4e1d422d]" name="Test1" duration-ms="12" started-at="2020-02-21T10:53:43 EST" finished-at="2020-02-21T10:53:43 EST">
          <reporter-output>
          </reporter-output>
        </test-method> <!-- Test1 -->
      </class> <!-- Test_Cases -->
    </test> <!-- Default test -->
  </suite> <!-- Default suite -->
</testng-results>
